0 info it worked if it ends with ok
1 verbose cli [ '/Users/EnnyuTakumi/.nvm/v0.11.14/bin/node',
1 verbose cli   '/Users/EnnyuTakumi/.nvm/v0.11.14/bin/npm',
1 verbose cli   'install' ]
2 info using npm@2.0.0
3 info using node@v0.11.14
4 verbose config Skipping project config: /Users/EnnyuTakumi/.npmrc. (matches userconfig)
5 error install Couldn't read dependencies
6 verbose stack Error: ENOENT, open '/Users/EnnyuTakumi/package.json'
6 verbose stack     at Error (native)
7 verbose cwd /Users/EnnyuTakumi/jade
8 error Darwin 13.4.0
9 error argv "/Users/EnnyuTakumi/.nvm/v0.11.14/bin/node" "/Users/EnnyuTakumi/.nvm/v0.11.14/bin/npm" "install"
10 error node v0.11.14
11 error npm  v2.0.0
12 error path /Users/EnnyuTakumi/package.json
13 error code ENOPACKAGEJSON
14 error errno -2
15 error package.json ENOENT, open '/Users/EnnyuTakumi/package.json'
15 error package.json This is most likely not a problem with npm itself.
15 error package.json npm can't find a package.json file in your current directory.
16 verbose exit [ -2, true ]
